<?xml version="1.0" encoding="UTF-8"?>
<!-- Generated by org.testng.reporters.JUnitXMLReporter -->
<testsuite ignored="0" hostname="DESKTOP-6CV4G98" failures="1" tests="3" name="Test" time="20.219" errors="0" timestamp="2022-10-28T14:30:39 IST">
  <testcase classname="tests.HomeTest" name="clickontab" time="16.862">
    <failure type="java.lang.AssertionError" message="expected [true] but found [false]">
      <![CDATA[java.lang.AssertionError: expected [true] but found [false]
at tests.HomeTest.clickontab(HomeTest.java:71)
at java.base/java.util.ArrayList.forEach(ArrayList.java:1541)
... Removed 31 stack frames]]>
    </failure>
  </testcase> <!-- clickontab -->
  <testcase classname="tests.HomeTest" name="logout" time="0.05"/>
  <testcase classname="tests.HomeTest" name="verifyTitle" time="0.009"/>
</testsuite> <!-- Test -->
