<?xml version="1.0" encoding="UTF-8"?>
<testng-results ignored="0" total="3" passed="2" failed="1" skipped="0">
  <reporter-output>
    <line>
      <![CDATA[logout test start]]>
    </line>
    <line>
      <![CDATA[Logout test end]]>
    </line>
    <line>
      <![CDATA[test case verify title started]]>
    </line>
    <line>
      <![CDATA[test case verify title end]]>
    </line>
  </reporter-output>
  <suite started-at="2022-10-28T14:30:19 IST" name="Suite" finished-at="2022-10-28T14:30:39 IST" duration-ms="20219">
    <groups>
    </groups>
    <test started-at="2022-10-28T14:30:19 IST" name="Test" finished-at="2022-10-28T14:30:39 IST" duration-ms="20219">
      <class name="tests.HomeTest">
        <test-method is-config="true" signature="init()[pri:0, instance:tests.HomeTest@54e1c68b]" started-at="2022-10-28T14:30:01 IST" name="init" finished-at="2022-10-28T14:30:19 IST" duration-ms="17735" status="PASS">
          <reporter-output>
          </reporter-output>
        </test-method> <!-- init -->
        <test-method is-config="true" signature="objectCreation()[pri:0, instance:tests.HomeTest@54e1c68b]" started-at="2022-10-28T14:30:19 IST" name="objectCreation" finished-at="2022-10-28T14:30:19 IST" duration-ms="20" status="PASS">
          <reporter-output>
          </reporter-output>
        </test-method> <!-- objectCreation -->
        <test-method is-config="true" signature="precondition()[pri:0, instance:tests.HomeTest@54e1c68b]" started-at="2022-10-28T14:30:19 IST" name="precondition" finished-at="2022-10-28T14:30:22 IST" duration-ms="2468" status="PASS">
          <reporter-output>
          </reporter-output>
        </test-method> <!-- precondition -->
        <test-method signature="clickontab()[pri:0, instance:tests.HomeTest@54e1c68b]" started-at="2022-10-28T14:30:22 IST" name="clickontab" finished-at="2022-10-28T14:30:39 IST" duration-ms="16862" status="FAIL">
          <exception class="java.lang.AssertionError">
            <message>
              <![CDATA[expected [true] but found [false]]]>
            </message>
            <full-stacktrace>
              <![CDATA[java.lang.AssertionError: expected [true] but found [false]
at org.testng.Assert.fail(Assert.java:99)
at org.testng.Assert.failNotEquals(Assert.java:1037)
at org.testng.Assert.assertTrue(Assert.java:45)
at org.testng.Assert.assertTrue(Assert.java:55)
at tests.HomeTest.clickontab(HomeTest.java:71)
at java.base/jdk.internal.reflect.NativeMethodAccessorImpl.invoke0(Native Method)
at java.base/jdk.internal.reflect.NativeMethodAccessorImpl.invoke(NativeMethodAccessorImpl.java:62)
at java.base/jdk.internal.reflect.DelegatingMethodAccessorImpl.invoke(DelegatingMethodAccessorImpl.java:43)
at java.base/java.lang.reflect.Method.invoke(Method.java:566)
at org.testng.internal.MethodInvocationHelper.invokeMethod(MethodInvocationHelper.java:133)
at org.testng.internal.TestInvoker.invokeMethod(TestInvoker.java:598)
at org.testng.internal.TestInvoker.invokeTestMethod(TestInvoker.java:173)
at org.testng.internal.MethodRunner.runInSequence(MethodRunner.java:46)
at org.testng.internal.TestInvoker$MethodInvocationAgent.invoke(TestInvoker.java:824)
at org.testng.internal.TestInvoker.invokeTestMethods(TestInvoker.java:146)
at org.testng.internal.TestMethodWorker.invokeTestMethods(TestMethodWorker.java:146)
at org.testng.internal.TestMethodWorker.run(TestMethodWorker.java:128)
at java.base/java.util.ArrayList.forEach(ArrayList.java:1541)
at org.testng.TestRunner.privateRun(TestRunner.java:794)
at org.testng.TestRunner.run(TestRunner.java:596)
at org.testng.SuiteRunner.runTest(SuiteRunner.java:377)
at org.testng.SuiteRunner.runSequentially(SuiteRunner.java:371)
at org.testng.SuiteRunner.privateRun(SuiteRunner.java:332)
at org.testng.SuiteRunner.run(SuiteRunner.java:276)
at org.testng.SuiteRunnerWorker.runSuite(SuiteRunnerWorker.java:53)
at org.testng.SuiteRunnerWorker.run(SuiteRunnerWorker.java:96)
at org.testng.TestNG.runSuitesSequentially(TestNG.java:1212)
at org.testng.TestNG.runSuitesLocally(TestNG.java:1134)
at org.testng.TestNG.runSuites(TestNG.java:1063)
at org.testng.TestNG.run(TestNG.java:1031)
at org.testng.remote.AbstractRemoteTestNG.run(AbstractRemoteTestNG.java:115)
at org.testng.remote.RemoteTestNG.initAndRun(RemoteTestNG.java:251)
at org.testng.remote.RemoteTestNG.main(RemoteTestNG.java:77)
]]>
            </full-stacktrace>
          </exception> <!-- java.lang.AssertionError -->
          <reporter-output>
          </reporter-output>
        </test-method> <!-- clickontab -->
        <test-method is-config="true" signature="aftermethod(org.testng.ITestResult)[pri:0, instance:tests.HomeTest@54e1c68b]" started-at="2022-10-28T14:30:39 IST" name="aftermethod" finished-at="2022-10-28T14:30:39 IST" duration-ms="154" status="PASS">
          <params>
            <param index="0">
              <value>
                <![CDATA[[TestResult name=clickontab status=FAILURE method=HomeTest.clickontab()[pri:0, instance:tests.HomeTest@54e1c68b] output={null}]]]>
              </value>
            </param>
          </params>
          <reporter-output>
          </reporter-output>
        </test-method> <!-- aftermethod -->
        <test-method signature="logout()[pri:0, instance:tests.HomeTest@54e1c68b]" started-at="2022-10-28T14:30:39 IST" name="logout" finished-at="2022-10-28T14:30:39 IST" duration-ms="50" status="PASS">
          <reporter-output>
            <line>
              <![CDATA[logout test start]]>
            </line>
            <line>
              <![CDATA[Logout test end]]>
            </line>
          </reporter-output>
        </test-method> <!-- logout -->
        <test-method is-config="true" signature="aftermethod(org.testng.ITestResult)[pri:0, instance:tests.HomeTest@54e1c68b]" started-at="2022-10-28T14:30:39 IST" name="aftermethod" finished-at="2022-10-28T14:30:39 IST" duration-ms="0" status="PASS">
          <params>
            <param index="0">
              <value>
                <![CDATA[[TestResult name=logout status=SUCCESS method=HomeTest.logout()[pri:0, instance:tests.HomeTest@54e1c68b] output=logout test start]]]>
              </value>
            </param>
          </params>
          <reporter-output>
          </reporter-output>
        </test-method> <!-- aftermethod -->
        <test-method signature="verifyTitle()[pri:0, instance:tests.HomeTest@54e1c68b]" started-at="2022-10-28T14:30:39 IST" name="verifyTitle" finished-at="2022-10-28T14:30:39 IST" duration-ms="9" status="PASS">
          <reporter-output>
            <line>
              <![CDATA[test case verify title started]]>
            </line>
            <line>
              <![CDATA[test case verify title end]]>
            </line>
          </reporter-output>
        </test-method> <!-- verifyTitle -->
        <test-method is-config="true" signature="aftermethod(org.testng.ITestResult)[pri:0, instance:tests.HomeTest@54e1c68b]" started-at="2022-10-28T14:30:39 IST" name="aftermethod" finished-at="2022-10-28T14:30:39 IST" duration-ms="1" status="PASS">
          <params>
            <param index="0">
              <value>
                <![CDATA[[TestResult name=verifyTitle status=SUCCESS method=HomeTest.verifyTitle()[pri:0, instance:tests.HomeTest@54e1c68b] output=test case verify title started]]]>
              </value>
            </param>
          </params>
          <reporter-output>
          </reporter-output>
        </test-method> <!-- aftermethod -->
        <test-method is-config="true" signature="flsh()[pri:0, instance:tests.HomeTest@54e1c68b]" started-at="2022-10-28T14:30:39 IST" name="flsh" finished-at="2022-10-28T14:30:39 IST" duration-ms="436" status="PASS">
          <reporter-output>
          </reporter-output>
        </test-method> <!-- flsh -->
        <test-method is-config="true" signature="tearDown()[pri:0, instance:tests.HomeTest@54e1c68b]" started-at="2022-10-28T14:30:40 IST" name="tearDown" finished-at="2022-10-28T14:30:56 IST" duration-ms="16250" status="PASS">
          <reporter-output>
          </reporter-output>
        </test-method> <!-- tearDown -->
      </class> <!-- tests.HomeTest -->
    </test> <!-- Test -->
  </suite> <!-- Suite -->
</testng-results>
